<?xml version="1.0" encoding="UTF-8"?>
<testng-results skipped="0" failed="0" ignored="0" total="1" passed="1">
  <reporter-output>
  </reporter-output>
  <suite name="Surefire suite" duration-ms="13055" started-at="2019-05-21T18:24:59Z" finished-at="2019-05-21T18:25:12Z">
    <groups>
      <group name="cucumber">
        <method signature="TestRunner.feature(cucumber.api.testng.CucumberFeatureWrapper)[pri:0, instance:TestRunner@609640d5]" name="feature" class="TestRunner"/>
      </group> <!-- cucumber -->
    </groups>
    <test name="Surefire test" duration-ms="13055" started-at="2019-05-21T18:24:59Z" finished-at="2019-05-21T18:25:12Z">
      <class name="TestRunner">
        <test-method status="PASS" signature="setUpClass()[pri:0, instance:TestRunner@609640d5]" name="setUpClass" is-config="true" duration-ms="617" started-at="2019-05-21T18:24:59Z" finished-at="2019-05-21T18:24:59Z">
          <reporter-output>
          </reporter-output>
        </test-method> <!-- setUpClass -->
        <test-method status="PASS" signature="feature(cucumber.api.testng.CucumberFeatureWrapper)[pri:0, instance:TestRunner@609640d5]" name="feature" duration-ms="12059" started-at="2019-05-21T18:24:59Z" description="Runs Cucumber Feature" data-provider="features" finished-at="2019-05-21T18:25:11Z">
          <params>
            <param index="0">
              <value>
                <![CDATA[login Gmail]]>
              </value>
            </param>
          </params>
          <reporter-output>
          </reporter-output>
        </test-method> <!-- feature -->
        <test-method status="PASS" signature="tearDownClass()[pri:0, instance:TestRunner@609640d5]" name="tearDownClass" is-config="true" duration-ms="23" started-at="2019-05-21T18:25:12Z" finished-at="2019-05-21T18:25:12Z">
          <reporter-output>
          </reporter-output>
        </test-method> <!-- tearDownClass -->
      </class> <!-- TestRunner -->
    </test> <!-- Surefire test -->
  </suite> <!-- Surefire suite -->
</testng-results>
